[INFO] [2010-12-16 13:13:11,025] [main] s.s.a.c.Config$: Config loaded from the application classpath.
[DEBUG] [2010-12-16 13:13:11,048] [main] s.s.a.d.Dispatchers$globalExecutorBasedEventDrivenDispatcher$: Creating a se.scalablesolutions.akka.dispatch.Dispatchers$globalExecutorBasedEventDrivenDispatcher$ with config [core-pool:16,max-pool:128,timeout:60000,allowCoreTimeout:false,rejectPolicy:CallerRunsPolicy]
[WARN] [2010-12-16 13:13:11,049] [main] s.s.a.d.Dispatchers$globalExecutorBasedEventDrivenDispatcher$: Tried to configure an already started ThreadPoolBuilder of type [se.scalablesolutions.akka.dispatch.Dispatchers$globalExecutorBasedEventDrivenDispatcher$]
[DEBUG] [2010-12-16 13:13:11,113] [main] s.s.a.d.Dispatchers$globalExecutorBasedEventDrivenDispatcher$: Starting up ExecutorBasedEventDrivenDispatcher[akka:event-driven:dispatcher:global]
	with throughput [5]
[DEBUG] [2010-12-16 13:13:11,147] [akka:event-driven:dispatcher:global-1] s.s.a.d.ThreadPoolBuilder$MonitorableThread: Created thread akka:event-driven:dispatcher:global-1
[DEBUG] [2010-12-16 13:13:11,151] [akka:event-driven:dispatcher:global-3] s.s.a.d.ThreadPoolBuilder$MonitorableThread: Created thread akka:event-driven:dispatcher:global-3
[DEBUG] [2010-12-16 13:13:11,152] [akka:event-driven:dispatcher:global-4] s.s.a.d.ThreadPoolBuilder$MonitorableThread: Created thread akka:event-driven:dispatcher:global-4
[DEBUG] [2010-12-16 13:13:11,152] [akka:event-driven:dispatcher:global-5] s.s.a.d.ThreadPoolBuilder$MonitorableThread: Created thread akka:event-driven:dispatcher:global-5
[DEBUG] [2010-12-16 13:13:11,153] [akka:event-driven:dispatcher:global-6] s.s.a.d.ThreadPoolBuilder$MonitorableThread: Created thread akka:event-driven:dispatcher:global-6
[DEBUG] [2010-12-16 13:13:11,153] [akka:event-driven:dispatcher:global-7] s.s.a.d.ThreadPoolBuilder$MonitorableThread: Created thread akka:event-driven:dispatcher:global-7
[DEBUG] [2010-12-16 13:13:11,153] [akka:event-driven:dispatcher:global-8] s.s.a.d.ThreadPoolBuilder$MonitorableThread: Created thread akka:event-driven:dispatcher:global-8
[DEBUG] [2010-12-16 13:13:11,154] [akka:event-driven:dispatcher:global-9] s.s.a.d.ThreadPoolBuilder$MonitorableThread: Created thread akka:event-driven:dispatcher:global-9
[DEBUG] [2010-12-16 13:13:11,154] [akka:event-driven:dispatcher:global-10] s.s.a.d.ThreadPoolBuilder$MonitorableThread: Created thread akka:event-driven:dispatcher:global-10
[DEBUG] [2010-12-16 13:13:11,155] [akka:event-driven:dispatcher:global-11] s.s.a.d.ThreadPoolBuilder$MonitorableThread: Created thread akka:event-driven:dispatcher:global-11
[DEBUG] [2010-12-16 13:13:11,155] [akka:event-driven:dispatcher:global-12] s.s.a.d.ThreadPoolBuilder$MonitorableThread: Created thread akka:event-driven:dispatcher:global-12
[DEBUG] [2010-12-16 13:13:11,155] [akka:event-driven:dispatcher:global-13] s.s.a.d.ThreadPoolBuilder$MonitorableThread: Created thread akka:event-driven:dispatcher:global-13
[DEBUG] [2010-12-16 13:13:11,156] [akka:event-driven:dispatcher:global-14] s.s.a.d.ThreadPoolBuilder$MonitorableThread: Created thread akka:event-driven:dispatcher:global-14
[DEBUG] [2010-12-16 13:13:11,157] [akka:event-driven:dispatcher:global-15] s.s.a.d.ThreadPoolBuilder$MonitorableThread: Created thread akka:event-driven:dispatcher:global-15
[DEBUG] [2010-12-16 13:13:11,151] [akka:event-driven:dispatcher:global-2] s.s.a.d.ThreadPoolBuilder$MonitorableThread: Created thread akka:event-driven:dispatcher:global-2
[DEBUG] [2010-12-16 13:13:11,171] [akka:event-driven:dispatcher:global-16] s.s.a.d.ThreadPoolBuilder$MonitorableThread: Created thread akka:event-driven:dispatcher:global-16
[INFO] [2010-12-16 13:13:15,360] [akka:event-driven:dispatcher:global-14] s.s.a.a.ActorRegistry$: Shutting down all actors in the system...
[DEBUG] [2010-12-16 13:13:15,382] [akka:event-driven:dispatcher:global-14] s.s.a.d.Dispatchers$globalExecutorBasedEventDrivenDispatcher$: Shutting down ExecutorBasedEventDrivenDispatcher[akka:event-driven:dispatcher:global]
[DEBUG] [2010-12-16 13:13:15,384] [akka:event-driven:dispatcher:global-13] s.s.a.d.ThreadPoolBuilder$MonitorableThread: Exiting thread akka:event-driven:dispatcher:global-13
[DEBUG] [2010-12-16 13:13:15,384] [akka:event-driven:dispatcher:global-4] s.s.a.d.ThreadPoolBuilder$MonitorableThread: Exiting thread akka:event-driven:dispatcher:global-4
[DEBUG] [2010-12-16 13:13:15,384] [akka:event-driven:dispatcher:global-8] s.s.a.d.ThreadPoolBuilder$MonitorableThread: Exiting thread akka:event-driven:dispatcher:global-8
[DEBUG] [2010-12-16 13:13:15,384] [akka:event-driven:dispatcher:global-9] s.s.a.d.ThreadPoolBuilder$MonitorableThread: Exiting thread akka:event-driven:dispatcher:global-9
[DEBUG] [2010-12-16 13:13:15,384] [akka:event-driven:dispatcher:global-1] s.s.a.d.ThreadPoolBuilder$MonitorableThread: Exiting thread akka:event-driven:dispatcher:global-1
[DEBUG] [2010-12-16 13:13:15,384] [akka:event-driven:dispatcher:global-11] s.s.a.d.ThreadPoolBuilder$MonitorableThread: Exiting thread akka:event-driven:dispatcher:global-11
[DEBUG] [2010-12-16 13:13:15,384] [akka:event-driven:dispatcher:global-15] s.s.a.d.ThreadPoolBuilder$MonitorableThread: Exiting thread akka:event-driven:dispatcher:global-15
[DEBUG] [2010-12-16 13:13:15,384] [akka:event-driven:dispatcher:global-2] s.s.a.d.ThreadPoolBuilder$MonitorableThread: Exiting thread akka:event-driven:dispatcher:global-2
[DEBUG] [2010-12-16 13:13:15,384] [akka:event-driven:dispatcher:global-10] s.s.a.d.ThreadPoolBuilder$MonitorableThread: Exiting thread akka:event-driven:dispatcher:global-10
[DEBUG] [2010-12-16 13:13:15,384] [akka:event-driven:dispatcher:global-12] s.s.a.d.ThreadPoolBuilder$MonitorableThread: Exiting thread akka:event-driven:dispatcher:global-12
[DEBUG] [2010-12-16 13:13:15,384] [akka:event-driven:dispatcher:global-16] s.s.a.d.ThreadPoolBuilder$MonitorableThread: Exiting thread akka:event-driven:dispatcher:global-16
[DEBUG] [2010-12-16 13:13:15,384] [akka:event-driven:dispatcher:global-5] s.s.a.d.ThreadPoolBuilder$MonitorableThread: Exiting thread akka:event-driven:dispatcher:global-5
[DEBUG] [2010-12-16 13:13:15,384] [akka:event-driven:dispatcher:global-3] s.s.a.d.ThreadPoolBuilder$MonitorableThread: Exiting thread akka:event-driven:dispatcher:global-3
[DEBUG] [2010-12-16 13:13:15,384] [akka:event-driven:dispatcher:global-6] s.s.a.d.ThreadPoolBuilder$MonitorableThread: Exiting thread akka:event-driven:dispatcher:global-6
[DEBUG] [2010-12-16 13:13:15,385] [akka:event-driven:dispatcher:global-7] s.s.a.d.ThreadPoolBuilder$MonitorableThread: Exiting thread akka:event-driven:dispatcher:global-7
[INFO] [2010-12-16 13:13:15,385] [akka:event-driven:dispatcher:global-14] s.s.a.a.ActorRegistry$: All actors have been shut down and unregistered from ActorRegistry
[DEBUG] [2010-12-16 13:13:15,385] [akka:event-driven:dispatcher:global-14] s.s.a.d.ThreadPoolBuilder$MonitorableThread: Exiting thread akka:event-driven:dispatcher:global-14
[INFO] [2010-12-16 13:13:36,593] [main] s.s.a.c.Config$: Config loaded from the application classpath.
[DEBUG] [2010-12-16 13:13:36,621] [main] s.s.a.d.Dispatchers$globalExecutorBasedEventDrivenDispatcher$: Creating a se.scalablesolutions.akka.dispatch.Dispatchers$globalExecutorBasedEventDrivenDispatcher$ with config [core-pool:16,max-pool:128,timeout:60000,allowCoreTimeout:false,rejectPolicy:CallerRunsPolicy]
[WARN] [2010-12-16 13:13:36,623] [main] s.s.a.d.Dispatchers$globalExecutorBasedEventDrivenDispatcher$: Tried to configure an already started ThreadPoolBuilder of type [se.scalablesolutions.akka.dispatch.Dispatchers$globalExecutorBasedEventDrivenDispatcher$]
[DEBUG] [2010-12-16 13:13:36,680] [main] s.s.a.d.Dispatchers$globalExecutorBasedEventDrivenDispatcher$: Starting up ExecutorBasedEventDrivenDispatcher[akka:event-driven:dispatcher:global]
	with throughput [5]
[DEBUG] [2010-12-16 13:13:36,689] [akka:event-driven:dispatcher:global-1] s.s.a.d.ThreadPoolBuilder$MonitorableThread: Created thread akka:event-driven:dispatcher:global-1
[ERROR] [2010-12-16 13:13:36,698] [akka:event-driven:dispatcher:global-1] s.s.a.a.Actor$: Exception when invoking 
	actor [Actor[org.jruby.proxy.se.scalablesolutions.akka.actor.UntypedActor$Proxy0:1292780852059]] 
	with message [hi]
org.jruby.exceptions.RaiseException: undefined method `shift' for :hi:Symbol
	at Kernel.shift(./akka.rb:44) ~[na:na]
	at Actors::DelegatorActor.onReceive(:1) ~[na:na]
	at (unknown).(unknown)(:1) ~[na:na]
[INFO] [2010-12-16 13:13:53,037] [main] s.s.a.c.Config$: Config loaded from the application classpath.
[DEBUG] [2010-12-16 13:13:53,062] [main] s.s.a.d.Dispatchers$globalExecutorBasedEventDrivenDispatcher$: Creating a se.scalablesolutions.akka.dispatch.Dispatchers$globalExecutorBasedEventDrivenDispatcher$ with config [core-pool:16,max-pool:128,timeout:60000,allowCoreTimeout:false,rejectPolicy:CallerRunsPolicy]
[WARN] [2010-12-16 13:13:53,063] [main] s.s.a.d.Dispatchers$globalExecutorBasedEventDrivenDispatcher$: Tried to configure an already started ThreadPoolBuilder of type [se.scalablesolutions.akka.dispatch.Dispatchers$globalExecutorBasedEventDrivenDispatcher$]
[DEBUG] [2010-12-16 13:13:53,126] [main] s.s.a.d.Dispatchers$globalExecutorBasedEventDrivenDispatcher$: Starting up ExecutorBasedEventDrivenDispatcher[akka:event-driven:dispatcher:global]
	with throughput [5]
[DEBUG] [2010-12-16 13:13:53,136] [akka:event-driven:dispatcher:global-1] s.s.a.d.ThreadPoolBuilder$MonitorableThread: Created thread akka:event-driven:dispatcher:global-1
[INFO] [2010-12-16 13:18:02,688] [main] s.s.a.c.Config$: Config loaded from the application classpath.
[DEBUG] [2010-12-16 13:18:02,714] [main] s.s.a.d.Dispatchers$globalExecutorBasedEventDrivenDispatcher$: Creating a se.scalablesolutions.akka.dispatch.Dispatchers$globalExecutorBasedEventDrivenDispatcher$ with config [core-pool:16,max-pool:128,timeout:60000,allowCoreTimeout:false,rejectPolicy:CallerRunsPolicy]
[WARN] [2010-12-16 13:18:02,715] [main] s.s.a.d.Dispatchers$globalExecutorBasedEventDrivenDispatcher$: Tried to configure an already started ThreadPoolBuilder of type [se.scalablesolutions.akka.dispatch.Dispatchers$globalExecutorBasedEventDrivenDispatcher$]
[DEBUG] [2010-12-16 13:18:02,775] [main] s.s.a.d.Dispatchers$globalExecutorBasedEventDrivenDispatcher$: Starting up ExecutorBasedEventDrivenDispatcher[akka:event-driven:dispatcher:global]
	with throughput [5]
[DEBUG] [2010-12-16 13:18:02,783] [akka:event-driven:dispatcher:global-1] s.s.a.d.ThreadPoolBuilder$MonitorableThread: Created thread akka:event-driven:dispatcher:global-1
[ERROR] [2010-12-16 13:18:02,791] [akka:event-driven:dispatcher:global-1] s.s.a.a.Actor$: Exception when invoking 
	actor [Actor[org.jruby.proxy.se.scalablesolutions.akka.actor.UntypedActor$Proxy0:1292781118155]] 
	with message [hi]
org.jruby.exceptions.RaiseException: undefined method `name' for [:hi]:Array
	at Kernel.name(./akka.rb:44) ~[na:na]
	at Actors::DelegatorActor.onReceive(:1) ~[na:na]
	at (unknown).(unknown)(:1) ~[na:na]
[INFO] [2010-12-16 13:18:03,786] [main] s.s.a.a.ActorRegistry$: Shutting down all actors in the system...
[DEBUG] [2010-12-16 13:18:03,786] [main] s.s.a.d.Dispatchers$globalExecutorBasedEventDrivenDispatcher$: Shutting down ExecutorBasedEventDrivenDispatcher[akka:event-driven:dispatcher:global]
[DEBUG] [2010-12-16 13:18:03,787] [akka:event-driven:dispatcher:global-1] s.s.a.d.ThreadPoolBuilder$MonitorableThread: Exiting thread akka:event-driven:dispatcher:global-1
[INFO] [2010-12-16 13:18:03,808] [main] s.s.a.a.ActorRegistry$: All actors have been shut down and unregistered from ActorRegistry
[INFO] [2010-12-16 13:18:33,119] [main] s.s.a.c.Config$: Config loaded from the application classpath.
[DEBUG] [2010-12-16 13:18:33,142] [main] s.s.a.d.Dispatchers$globalExecutorBasedEventDrivenDispatcher$: Creating a se.scalablesolutions.akka.dispatch.Dispatchers$globalExecutorBasedEventDrivenDispatcher$ with config [core-pool:16,max-pool:128,timeout:60000,allowCoreTimeout:false,rejectPolicy:CallerRunsPolicy]
[WARN] [2010-12-16 13:18:33,143] [main] s.s.a.d.Dispatchers$globalExecutorBasedEventDrivenDispatcher$: Tried to configure an already started ThreadPoolBuilder of type [se.scalablesolutions.akka.dispatch.Dispatchers$globalExecutorBasedEventDrivenDispatcher$]
[DEBUG] [2010-12-16 13:18:33,204] [main] s.s.a.d.Dispatchers$globalExecutorBasedEventDrivenDispatcher$: Starting up ExecutorBasedEventDrivenDispatcher[akka:event-driven:dispatcher:global]
	with throughput [5]
[DEBUG] [2010-12-16 13:18:33,213] [akka:event-driven:dispatcher:global-1] s.s.a.d.ThreadPoolBuilder$MonitorableThread: Created thread akka:event-driven:dispatcher:global-1
[ERROR] [2010-12-16 13:18:33,224] [akka:event-driven:dispatcher:global-1] s.s.a.a.Actor$: Exception when invoking 
	actor [Actor[org.jruby.proxy.se.scalablesolutions.akka.actor.UntypedActor$Proxy0:1292781148585]] 
	with message [hi]
org.jruby.exceptions.RaiseException: undefined method `name' for [:hi]:Array
	at Kernel.name(./akka.rb:46) ~[na:na]
	at Actors::DelegatorActor.onReceive(:1) ~[na:na]
	at (unknown).(unknown)(:1) ~[na:na]
[INFO] [2010-12-16 13:18:34,216] [main] s.s.a.a.ActorRegistry$: Shutting down all actors in the system...
[DEBUG] [2010-12-16 13:18:34,216] [main] s.s.a.d.Dispatchers$globalExecutorBasedEventDrivenDispatcher$: Shutting down ExecutorBasedEventDrivenDispatcher[akka:event-driven:dispatcher:global]
[DEBUG] [2010-12-16 13:18:34,217] [akka:event-driven:dispatcher:global-1] s.s.a.d.ThreadPoolBuilder$MonitorableThread: Exiting thread akka:event-driven:dispatcher:global-1
[INFO] [2010-12-16 13:18:34,242] [main] s.s.a.a.ActorRegistry$: All actors have been shut down and unregistered from ActorRegistry
[INFO] [2010-12-16 13:18:51,086] [main] s.s.a.c.Config$: Config loaded from the application classpath.
[DEBUG] [2010-12-16 13:18:51,109] [main] s.s.a.d.Dispatchers$globalExecutorBasedEventDrivenDispatcher$: Creating a se.scalablesolutions.akka.dispatch.Dispatchers$globalExecutorBasedEventDrivenDispatcher$ with config [core-pool:16,max-pool:128,timeout:60000,allowCoreTimeout:false,rejectPolicy:CallerRunsPolicy]
[WARN] [2010-12-16 13:18:51,110] [main] s.s.a.d.Dispatchers$globalExecutorBasedEventDrivenDispatcher$: Tried to configure an already started ThreadPoolBuilder of type [se.scalablesolutions.akka.dispatch.Dispatchers$globalExecutorBasedEventDrivenDispatcher$]
[DEBUG] [2010-12-16 13:18:51,174] [main] s.s.a.d.Dispatchers$globalExecutorBasedEventDrivenDispatcher$: Starting up ExecutorBasedEventDrivenDispatcher[akka:event-driven:dispatcher:global]
	with throughput [5]
[INFO] [2010-12-16 13:19:33,200] [main] s.s.a.c.Config$: Config loaded from the application classpath.
[DEBUG] [2010-12-16 13:19:33,224] [main] s.s.a.d.Dispatchers$globalExecutorBasedEventDrivenDispatcher$: Creating a se.scalablesolutions.akka.dispatch.Dispatchers$globalExecutorBasedEventDrivenDispatcher$ with config [core-pool:16,max-pool:128,timeout:60000,allowCoreTimeout:false,rejectPolicy:CallerRunsPolicy]
[WARN] [2010-12-16 13:19:33,225] [main] s.s.a.d.Dispatchers$globalExecutorBasedEventDrivenDispatcher$: Tried to configure an already started ThreadPoolBuilder of type [se.scalablesolutions.akka.dispatch.Dispatchers$globalExecutorBasedEventDrivenDispatcher$]
[DEBUG] [2010-12-16 13:19:33,289] [main] s.s.a.d.Dispatchers$globalExecutorBasedEventDrivenDispatcher$: Starting up ExecutorBasedEventDrivenDispatcher[akka:event-driven:dispatcher:global]
	with throughput [5]
[DEBUG] [2010-12-16 13:19:33,298] [akka:event-driven:dispatcher:global-1] s.s.a.d.ThreadPoolBuilder$MonitorableThread: Created thread akka:event-driven:dispatcher:global-1
[ERROR] [2010-12-16 13:19:33,306] [akka:event-driven:dispatcher:global-1] s.s.a.a.Actor$: Exception when invoking 
	actor [Actor[org.jruby.proxy.se.scalablesolutions.akka.actor.UntypedActor$Proxy0:1292781208666]] 
	with message [#<struct Actors::MethodParametrs name=:hi, args=nil, block=nil>]
org.jruby.exceptions.RaiseException: wrong # of arguments(1 for 0)
	at (unknown).new(./akka.rb:46) ~[na:na]
	at (unknown).hi(./akka.rb:46) ~[na:na]
	at Actors::DelegatorActor.onReceive(:1) ~[na:na]
	at (unknown).(unknown)(:1) ~[na:na]
[INFO] [2010-12-16 13:19:34,301] [main] s.s.a.a.ActorRegistry$: Shutting down all actors in the system...
[DEBUG] [2010-12-16 13:19:34,301] [main] s.s.a.d.Dispatchers$globalExecutorBasedEventDrivenDispatcher$: Shutting down ExecutorBasedEventDrivenDispatcher[akka:event-driven:dispatcher:global]
[DEBUG] [2010-12-16 13:19:34,302] [akka:event-driven:dispatcher:global-1] s.s.a.d.ThreadPoolBuilder$MonitorableThread: Exiting thread akka:event-driven:dispatcher:global-1
[INFO] [2010-12-16 13:19:34,321] [main] s.s.a.a.ActorRegistry$: All actors have been shut down and unregistered from ActorRegistry
[INFO] [2010-12-16 13:20:08,771] [main] s.s.a.c.Config$: Config loaded from the application classpath.
[DEBUG] [2010-12-16 13:20:08,798] [main] s.s.a.d.Dispatchers$globalExecutorBasedEventDrivenDispatcher$: Creating a se.scalablesolutions.akka.dispatch.Dispatchers$globalExecutorBasedEventDrivenDispatcher$ with config [core-pool:16,max-pool:128,timeout:60000,allowCoreTimeout:false,rejectPolicy:CallerRunsPolicy]
[WARN] [2010-12-16 13:20:08,799] [main] s.s.a.d.Dispatchers$globalExecutorBasedEventDrivenDispatcher$: Tried to configure an already started ThreadPoolBuilder of type [se.scalablesolutions.akka.dispatch.Dispatchers$globalExecutorBasedEventDrivenDispatcher$]
[DEBUG] [2010-12-16 13:20:08,862] [main] s.s.a.d.Dispatchers$globalExecutorBasedEventDrivenDispatcher$: Starting up ExecutorBasedEventDrivenDispatcher[akka:event-driven:dispatcher:global]
	with throughput [5]
[DEBUG] [2010-12-16 13:20:08,872] [akka:event-driven:dispatcher:global-1] s.s.a.d.ThreadPoolBuilder$MonitorableThread: Created thread akka:event-driven:dispatcher:global-1
[ERROR] [2010-12-16 13:20:08,880] [akka:event-driven:dispatcher:global-1] s.s.a.a.Actor$: Exception when invoking 
	actor [Actor[org.jruby.proxy.se.scalablesolutions.akka.actor.UntypedActor$Proxy0:1292781244239]] 
	with message [#<struct Actors::MethodParametrs name=:hi, args=nil, block=nil>]
org.jruby.exceptions.RaiseException: wrong # of arguments(1 for 0)
	at (unknown).new(./akka.rb:46) ~[na:na]
	at (unknown).hi(./akka.rb:46) ~[na:na]
	at Actors::DelegatorActor.onReceive(:1) ~[na:na]
	at (unknown).(unknown)(:1) ~[na:na]
[INFO] [2010-12-16 13:20:09,874] [main] s.s.a.a.ActorRegistry$: Shutting down all actors in the system...
[DEBUG] [2010-12-16 13:20:09,875] [main] s.s.a.d.Dispatchers$globalExecutorBasedEventDrivenDispatcher$: Shutting down ExecutorBasedEventDrivenDispatcher[akka:event-driven:dispatcher:global]
[DEBUG] [2010-12-16 13:20:09,875] [akka:event-driven:dispatcher:global-1] s.s.a.d.ThreadPoolBuilder$MonitorableThread: Exiting thread akka:event-driven:dispatcher:global-1
[INFO] [2010-12-16 13:20:09,898] [main] s.s.a.a.ActorRegistry$: All actors have been shut down and unregistered from ActorRegistry
[INFO] [2010-12-16 13:20:25,401] [main] s.s.a.c.Config$: Config loaded from the application classpath.
[DEBUG] [2010-12-16 13:20:25,428] [main] s.s.a.d.Dispatchers$globalExecutorBasedEventDrivenDispatcher$: Creating a se.scalablesolutions.akka.dispatch.Dispatchers$globalExecutorBasedEventDrivenDispatcher$ with config [core-pool:16,max-pool:128,timeout:60000,allowCoreTimeout:false,rejectPolicy:CallerRunsPolicy]
[WARN] [2010-12-16 13:20:25,429] [main] s.s.a.d.Dispatchers$globalExecutorBasedEventDrivenDispatcher$: Tried to configure an already started ThreadPoolBuilder of type [se.scalablesolutions.akka.dispatch.Dispatchers$globalExecutorBasedEventDrivenDispatcher$]
[DEBUG] [2010-12-16 13:20:25,494] [main] s.s.a.d.Dispatchers$globalExecutorBasedEventDrivenDispatcher$: Starting up ExecutorBasedEventDrivenDispatcher[akka:event-driven:dispatcher:global]
	with throughput [5]
[DEBUG] [2010-12-16 13:20:25,504] [akka:event-driven:dispatcher:global-1] s.s.a.d.ThreadPoolBuilder$MonitorableThread: Created thread akka:event-driven:dispatcher:global-1
[INFO] [2010-12-16 13:20:26,507] [main] s.s.a.a.ActorRegistry$: Shutting down all actors in the system...
[DEBUG] [2010-12-16 13:20:26,507] [main] s.s.a.d.Dispatchers$globalExecutorBasedEventDrivenDispatcher$: Shutting down ExecutorBasedEventDrivenDispatcher[akka:event-driven:dispatcher:global]
[DEBUG] [2010-12-16 13:20:26,508] [akka:event-driven:dispatcher:global-1] s.s.a.d.ThreadPoolBuilder$MonitorableThread: Exiting thread akka:event-driven:dispatcher:global-1
[INFO] [2010-12-16 13:20:26,531] [main] s.s.a.a.ActorRegistry$: All actors have been shut down and unregistered from ActorRegistry
[INFO] [2010-12-16 13:20:38,035] [main] s.s.a.c.Config$: Config loaded from the application classpath.
[DEBUG] [2010-12-16 13:20:38,063] [main] s.s.a.d.Dispatchers$globalExecutorBasedEventDrivenDispatcher$: Creating a se.scalablesolutions.akka.dispatch.Dispatchers$globalExecutorBasedEventDrivenDispatcher$ with config [core-pool:16,max-pool:128,timeout:60000,allowCoreTimeout:false,rejectPolicy:CallerRunsPolicy]
[WARN] [2010-12-16 13:20:38,064] [main] s.s.a.d.Dispatchers$globalExecutorBasedEventDrivenDispatcher$: Tried to configure an already started ThreadPoolBuilder of type [se.scalablesolutions.akka.dispatch.Dispatchers$globalExecutorBasedEventDrivenDispatcher$]
[DEBUG] [2010-12-16 13:20:38,127] [main] s.s.a.d.Dispatchers$globalExecutorBasedEventDrivenDispatcher$: Starting up ExecutorBasedEventDrivenDispatcher[akka:event-driven:dispatcher:global]
	with throughput [5]
[DEBUG] [2010-12-16 13:20:38,138] [akka:event-driven:dispatcher:global-1] s.s.a.d.ThreadPoolBuilder$MonitorableThread: Created thread akka:event-driven:dispatcher:global-1
[ERROR] [2010-12-16 13:20:38,146] [akka:event-driven:dispatcher:global-1] s.s.a.a.Actor$: Exception when invoking 
	actor [Actor[org.jruby.proxy.se.scalablesolutions.akka.actor.UntypedActor$Proxy0:1292781273503]] 
	with message [#<struct Actors::MethodParametrs name=:hi, args=nil, block=nil>]
org.jruby.exceptions.RaiseException: wrong # of arguments(1 for 0)
	at (unknown).new(./akka.rb:46) ~[na:na]
	at (unknown).hi(./akka.rb:46) ~[na:na]
	at Actors::DelegatorActor.onReceive(:1) ~[na:na]
	at (unknown).(unknown)(:1) ~[na:na]
[INFO] [2010-12-16 13:20:39,140] [main] s.s.a.a.ActorRegistry$: Shutting down all actors in the system...
[DEBUG] [2010-12-16 13:20:39,141] [main] s.s.a.d.Dispatchers$globalExecutorBasedEventDrivenDispatcher$: Shutting down ExecutorBasedEventDrivenDispatcher[akka:event-driven:dispatcher:global]
[DEBUG] [2010-12-16 13:20:39,141] [akka:event-driven:dispatcher:global-1] s.s.a.d.ThreadPoolBuilder$MonitorableThread: Exiting thread akka:event-driven:dispatcher:global-1
[INFO] [2010-12-16 13:20:39,164] [main] s.s.a.a.ActorRegistry$: All actors have been shut down and unregistered from ActorRegistry
[INFO] [2010-12-16 13:21:36,471] [main] s.s.a.c.Config$: Config loaded from the application classpath.
[DEBUG] [2010-12-16 13:21:36,497] [main] s.s.a.d.Dispatchers$globalExecutorBasedEventDrivenDispatcher$: Creating a se.scalablesolutions.akka.dispatch.Dispatchers$globalExecutorBasedEventDrivenDispatcher$ with config [core-pool:16,max-pool:128,timeout:60000,allowCoreTimeout:false,rejectPolicy:CallerRunsPolicy]
[WARN] [2010-12-16 13:21:36,498] [main] s.s.a.d.Dispatchers$globalExecutorBasedEventDrivenDispatcher$: Tried to configure an already started ThreadPoolBuilder of type [se.scalablesolutions.akka.dispatch.Dispatchers$globalExecutorBasedEventDrivenDispatcher$]
[DEBUG] [2010-12-16 13:21:36,557] [main] s.s.a.d.Dispatchers$globalExecutorBasedEventDrivenDispatcher$: Starting up ExecutorBasedEventDrivenDispatcher[akka:event-driven:dispatcher:global]
	with throughput [5]
[DEBUG] [2010-12-16 13:21:36,566] [akka:event-driven:dispatcher:global-1] s.s.a.d.ThreadPoolBuilder$MonitorableThread: Created thread akka:event-driven:dispatcher:global-1
[INFO] [2010-12-16 13:21:37,569] [main] s.s.a.a.ActorRegistry$: Shutting down all actors in the system...
[DEBUG] [2010-12-16 13:21:37,570] [main] s.s.a.d.Dispatchers$globalExecutorBasedEventDrivenDispatcher$: Shutting down ExecutorBasedEventDrivenDispatcher[akka:event-driven:dispatcher:global]
[DEBUG] [2010-12-16 13:21:37,570] [akka:event-driven:dispatcher:global-1] s.s.a.d.ThreadPoolBuilder$MonitorableThread: Exiting thread akka:event-driven:dispatcher:global-1
[INFO] [2010-12-16 13:21:37,590] [main] s.s.a.a.ActorRegistry$: All actors have been shut down and unregistered from ActorRegistry
[INFO] [2010-12-16 13:21:45,739] [main] s.s.a.c.Config$: Config loaded from the application classpath.
[DEBUG] [2010-12-16 13:21:45,763] [main] s.s.a.d.Dispatchers$globalExecutorBasedEventDrivenDispatcher$: Creating a se.scalablesolutions.akka.dispatch.Dispatchers$globalExecutorBasedEventDrivenDispatcher$ with config [core-pool:16,max-pool:128,timeout:60000,allowCoreTimeout:false,rejectPolicy:CallerRunsPolicy]
[WARN] [2010-12-16 13:21:45,764] [main] s.s.a.d.Dispatchers$globalExecutorBasedEventDrivenDispatcher$: Tried to configure an already started ThreadPoolBuilder of type [se.scalablesolutions.akka.dispatch.Dispatchers$globalExecutorBasedEventDrivenDispatcher$]
[DEBUG] [2010-12-16 13:21:45,823] [main] s.s.a.d.Dispatchers$globalExecutorBasedEventDrivenDispatcher$: Starting up ExecutorBasedEventDrivenDispatcher[akka:event-driven:dispatcher:global]
	with throughput [5]
[DEBUG] [2010-12-16 13:21:45,831] [akka:event-driven:dispatcher:global-1] s.s.a.d.ThreadPoolBuilder$MonitorableThread: Created thread akka:event-driven:dispatcher:global-1
[INFO] [2010-12-16 13:21:46,834] [main] s.s.a.a.ActorRegistry$: Shutting down all actors in the system...
[DEBUG] [2010-12-16 13:21:46,835] [main] s.s.a.d.Dispatchers$globalExecutorBasedEventDrivenDispatcher$: Shutting down ExecutorBasedEventDrivenDispatcher[akka:event-driven:dispatcher:global]
[DEBUG] [2010-12-16 13:21:46,836] [akka:event-driven:dispatcher:global-1] s.s.a.d.ThreadPoolBuilder$MonitorableThread: Exiting thread akka:event-driven:dispatcher:global-1
[INFO] [2010-12-16 13:21:46,858] [main] s.s.a.a.ActorRegistry$: All actors have been shut down and unregistered from ActorRegistry
[INFO] [2010-12-16 13:22:23,711] [main] s.s.a.c.Config$: Config loaded from the application classpath.
[DEBUG] [2010-12-16 13:22:23,737] [main] s.s.a.d.Dispatchers$globalExecutorBasedEventDrivenDispatcher$: Creating a se.scalablesolutions.akka.dispatch.Dispatchers$globalExecutorBasedEventDrivenDispatcher$ with config [core-pool:16,max-pool:128,timeout:60000,allowCoreTimeout:false,rejectPolicy:CallerRunsPolicy]
[WARN] [2010-12-16 13:22:23,738] [main] s.s.a.d.Dispatchers$globalExecutorBasedEventDrivenDispatcher$: Tried to configure an already started ThreadPoolBuilder of type [se.scalablesolutions.akka.dispatch.Dispatchers$globalExecutorBasedEventDrivenDispatcher$]
[DEBUG] [2010-12-16 13:22:23,804] [main] s.s.a.d.Dispatchers$globalExecutorBasedEventDrivenDispatcher$: Starting up ExecutorBasedEventDrivenDispatcher[akka:event-driven:dispatcher:global]
	with throughput [5]
[DEBUG] [2010-12-16 13:22:23,814] [akka:event-driven:dispatcher:global-1] s.s.a.d.ThreadPoolBuilder$MonitorableThread: Created thread akka:event-driven:dispatcher:global-1
[INFO] [2010-12-16 13:22:24,817] [main] s.s.a.a.ActorRegistry$: Shutting down all actors in the system...
[DEBUG] [2010-12-16 13:22:24,817] [main] s.s.a.d.Dispatchers$globalExecutorBasedEventDrivenDispatcher$: Shutting down ExecutorBasedEventDrivenDispatcher[akka:event-driven:dispatcher:global]
[DEBUG] [2010-12-16 13:22:24,818] [akka:event-driven:dispatcher:global-1] s.s.a.d.ThreadPoolBuilder$MonitorableThread: Exiting thread akka:event-driven:dispatcher:global-1
[INFO] [2010-12-16 13:22:24,843] [main] s.s.a.a.ActorRegistry$: All actors have been shut down and unregistered from ActorRegistry
